0 info it worked if it ends with ok
1 verbose cli [ 'node',
1 verbose cli   '/usr/local/bin/npm',
1 verbose cli   'install',
1 verbose cli   '-g',
1 verbose cli   'imagemin-jpegtran' ]
2 info using npm@2.0.2
3 info using node@v0.10.32
4 verbose cache add [ 'imagemin-jpegtran', null ]
5 verbose cache add spec="imagemin-jpegtran" args=["imagemin-jpegtran",null]
6 verbose parsed spec { raw: 'imagemin-jpegtran',
6 verbose parsed spec   scope: null,
6 verbose parsed spec   name: 'imagemin-jpegtran',
6 verbose parsed spec   rawSpec: '',
6 verbose parsed spec   spec: '*',
6 verbose parsed spec   type: 'range' }
7 verbose parsed spec { raw: 'imagemin-jpegtran',
7 verbose parsed spec   scope: null,
7 verbose parsed spec   name: 'imagemin-jpegtran',
7 verbose parsed spec   rawSpec: '',
7 verbose parsed spec   spec: '*',
7 verbose parsed spec   type: 'range' }
8 verbose addNamed [ 'imagemin-jpegtran', '*' ]
9 verbose addNamed [ null, '*' ]
10 silly lockFile 05ad4891-imagemin-jpegtran imagemin-jpegtran@*
11 verbose lock imagemin-jpegtran@* /Users/thy/.npm/05ad4891-imagemin-jpegtran.lock
12 silly addNameRange { name: 'imagemin-jpegtran', range: '*', hasData: false }
13 verbose mapToRegistry name imagemin-jpegtran
14 verbose mapToRegistry uri https://registry.npmjs.org/imagemin-jpegtran
15 verbose request on initialization, where is /imagemin-jpegtran
16 verbose request after pass 1, where is /imagemin-jpegtran
17 verbose request url raw /imagemin-jpegtran
18 verbose request resolving registry [ 'https://registry.npmjs.org/', './imagemin-jpegtran' ]
19 verbose request after pass 2, where is https://registry.npmjs.org/imagemin-jpegtran
20 verbose request no auth needed
21 info attempt registry request try #1 at 19:18:31
22 verbose request id 5852f7973bc805d3
23 http request GET https://registry.npmjs.org/imagemin-jpegtran
24 http 200 https://registry.npmjs.org/imagemin-jpegtran
25 silly registry.get cb [ 200,
25 silly registry.get   { date: 'Thu, 02 Oct 2014 02:18:31 GMT',
25 silly registry.get     server: 'CouchDB/1.5.0 (Erlang OTP/R16B03)',
25 silly registry.get     etag: '"E6S1A9L2JD92W5TUGZ810LY3B"',
25 silly registry.get     'content-type': 'application/json',
25 silly registry.get     'cache-control': 'max-age=60',
25 silly registry.get     'content-length': '6047',
25 silly registry.get     'accept-ranges': 'bytes',
25 silly registry.get     via: '1.1 varnish',
25 silly registry.get     age: '267',
25 silly registry.get     'x-served-by': 'cache-sjc3126-SJC',
25 silly registry.get     'x-cache': 'HIT',
25 silly registry.get     'x-cache-hits': '1',
25 silly registry.get     'x-timer': 'S1412216311.838285,VS0,VE34',
25 silly registry.get     vary: 'Accept',
25 silly registry.get     'keep-alive': 'timeout=10, max=50',
25 silly registry.get     connection: 'Keep-Alive' } ]
26 silly addNameRange number 2 { name: 'imagemin-jpegtran', range: '*', hasData: true }
27 silly addNameRange versions [ 'imagemin-jpegtran', [ '0.1.0', '1.0.0', '2.0.0' ] ]
28 verbose addNamed [ 'imagemin-jpegtran', '2.0.0' ]
29 verbose addNamed [ '2.0.0', '2.0.0' ]
30 silly lockFile baf4a3b5-imagemin-jpegtran-2-0-0 imagemin-jpegtran@2.0.0
31 verbose lock imagemin-jpegtran@2.0.0 /Users/thy/.npm/baf4a3b5-imagemin-jpegtran-2-0-0.lock
32 silly lockFile 197aa104-tran-imagemin-jpegtran-2-0-0-tgz https://registry.npmjs.org/imagemin-jpegtran/-/imagemin-jpegtran-2.0.0.tgz
33 verbose lock https://registry.npmjs.org/imagemin-jpegtran/-/imagemin-jpegtran-2.0.0.tgz /Users/thy/.npm/197aa104-tran-imagemin-jpegtran-2-0-0-tgz.lock
34 verbose addRemoteTarball [ 'https://registry.npmjs.org/imagemin-jpegtran/-/imagemin-jpegtran-2.0.0.tgz',
34 verbose addRemoteTarball   '8030a2a48f12e3fa4f30937b189983f12f4b1e33' ]
35 info retry fetch attempt 1 at 19:18:31
36 info attempt registry request try #1 at 19:18:31
37 http fetch GET https://registry.npmjs.org/imagemin-jpegtran/-/imagemin-jpegtran-2.0.0.tgz
38 http fetch 200 https://registry.npmjs.org/imagemin-jpegtran/-/imagemin-jpegtran-2.0.0.tgz
39 silly fetchAndShaCheck shasum 8030a2a48f12e3fa4f30937b189983f12f4b1e33
40 silly lockFile 197aa104-tran-imagemin-jpegtran-2-0-0-tgz https://registry.npmjs.org/imagemin-jpegtran/-/imagemin-jpegtran-2.0.0.tgz
41 silly lockFile 197aa104-tran-imagemin-jpegtran-2-0-0-tgz https://registry.npmjs.org/imagemin-jpegtran/-/imagemin-jpegtran-2.0.0.tgz
42 silly lockFile baf4a3b5-imagemin-jpegtran-2-0-0 imagemin-jpegtran@2.0.0
43 silly lockFile baf4a3b5-imagemin-jpegtran-2-0-0 imagemin-jpegtran@2.0.0
44 silly lockFile 05ad4891-imagemin-jpegtran imagemin-jpegtran@*
45 silly lockFile 05ad4891-imagemin-jpegtran imagemin-jpegtran@*
46 silly resolved [ { name: 'imagemin-jpegtran',
46 silly resolved     version: '2.0.0',
46 silly resolved     description: 'jpegtran imagemin plugin',
46 silly resolved     license: 'MIT',
46 silly resolved     repository:
46 silly resolved      { type: 'git',
46 silly resolved        url: 'https://github.com/imagemin/imagemin-jpegtran' },
46 silly resolved     author:
46 silly resolved      { name: 'Kevin Mårtensson',
46 silly resolved        email: 'kevinmartensson@gmail.com',
46 silly resolved        url: 'https://github.com/kevva' },
46 silly resolved     engines: { node: '>=0.10.0' },
46 silly resolved     scripts: { test: 'node test/test.js' },
46 silly resolved     files: [ 'index.js' ],
46 silly resolved     keywords:
46 silly resolved      [ 'compress',
46 silly resolved        'image',
46 silly resolved        'imageminplugin',
46 silly resolved        'img',
46 silly resolved        'jpg',
46 silly resolved        'minify',
46 silly resolved        'optimize' ],
46 silly resolved     dependencies:
46 silly resolved      { 'is-jpg': '^1.0.0',
46 silly resolved        'jpegtran-bin': '^1.0.0',
46 silly resolved        through2: '^0.6.1' },
46 silly resolved     devDependencies: { ava: '0.0.4', vinyl: '^0.4.3' },
46 silly resolved     gitHead: 'c1d65b0407aa103cd60b127ca765069d29624ccf',
46 silly resolved     bugs: { url: 'https://github.com/imagemin/imagemin-jpegtran/issues' },
46 silly resolved     homepage: 'https://github.com/imagemin/imagemin-jpegtran',
46 silly resolved     _id: 'imagemin-jpegtran@2.0.0',
46 silly resolved     _shasum: '8030a2a48f12e3fa4f30937b189983f12f4b1e33',
46 silly resolved     _from: 'imagemin-jpegtran@*',
46 silly resolved     _npmVersion: '1.4.23',
46 silly resolved     _npmUser: { name: 'kevva', email: 'kevinmartensson@gmail.com' },
46 silly resolved     maintainers: [ [Object] ],
46 silly resolved     dist:
46 silly resolved      { shasum: '8030a2a48f12e3fa4f30937b189983f12f4b1e33',
46 silly resolved        tarball: 'http://registry.npmjs.org/imagemin-jpegtran/-/imagemin-jpegtran-2.0.0.tgz' },
46 silly resolved     directories: {},
46 silly resolved     _resolved: 'https://registry.npmjs.org/imagemin-jpegtran/-/imagemin-jpegtran-2.0.0.tgz' } ]
47 info install imagemin-jpegtran@2.0.0 into /usr/local/lib
48 info installOne imagemin-jpegtran@2.0.0
49 verbose lib/node_modules/imagemin-jpegtran unbuild
50 verbose gentlyRm vacuuming /usr/local/lib/node_modules/imagemin-jpegtran
51 verbose tar unpack /Users/thy/.npm/imagemin-jpegtran/2.0.0/package.tgz
52 silly lockFile 39e48115-b-node-modules-imagemin-jpegtran tar:///usr/local/lib/node_modules/imagemin-jpegtran
53 verbose lock tar:///usr/local/lib/node_modules/imagemin-jpegtran /Users/thy/.npm/39e48115-b-node-modules-imagemin-jpegtran.lock
54 silly lockFile 146fc036-gemin-jpegtran-2-0-0-package-tgz tar:///Users/thy/.npm/imagemin-jpegtran/2.0.0/package.tgz
55 verbose lock tar:///Users/thy/.npm/imagemin-jpegtran/2.0.0/package.tgz /Users/thy/.npm/146fc036-gemin-jpegtran-2-0-0-package-tgz.lock
56 verbose gentlyRm vacuuming /usr/local/lib/node_modules/imagemin-jpegtran
57 silly gunzTarPerm modes [ '755', '644' ]
58 verbose fstream_path /usr/local/lib/node_modules/imagemin-jpegtran
59 verbose fstream_type Directory
60 verbose fstream_class DirWriter
61 verbose stack Error: EACCES, mkdir '/usr/local/lib/node_modules/imagemin-jpegtran'
62 verbose fstream_stack /usr/local/lib/node_modules/npm/node_modules/fstream/lib/dir-writer.js:36:23
62 verbose fstream_stack /usr/local/lib/node_modules/npm/node_modules/mkdirp/index.js:46:53
62 verbose fstream_stack Object.oncomplete (fs.js:107:15)
63 verbose cwd /Users/thy/WebstormProjects/yeoman-todolist
64 error Darwin 13.4.0
65 error argv "node" "/usr/local/bin/npm" "install" "-g" "imagemin-jpegtran"
66 error node v0.10.32
67 error npm  v2.0.2
68 error path /usr/local/lib/node_modules/imagemin-jpegtran
69 error code EACCES
70 error errno 3
71 error Error: EACCES, mkdir '/usr/local/lib/node_modules/imagemin-jpegtran'
71 error  { [Error: EACCES, mkdir '/usr/local/lib/node_modules/imagemin-jpegtran']
71 error   errno: 3,
71 error   code: 'EACCES',
71 error   path: '/usr/local/lib/node_modules/imagemin-jpegtran',
71 error   fstream_type: 'Directory',
71 error   fstream_path: '/usr/local/lib/node_modules/imagemin-jpegtran',
71 error   fstream_class: 'DirWriter',
71 error   fstream_stack:
71 error    [ '/usr/local/lib/node_modules/npm/node_modules/fstream/lib/dir-writer.js:36:23',
71 error      '/usr/local/lib/node_modules/npm/node_modules/mkdirp/index.js:46:53',
71 error      'Object.oncomplete (fs.js:107:15)' ] }
72 error Please try running this command again as root/Administrator.
73 verbose exit [ 3, true ]
